Build started 4/20/2021 1:34:34 PM.
     1>Project "D:\HW2\PPUViewer2021_bin\PPUViewer.vcxproj" on node 2 (Build target(s)).
     1>PreBuildEvent:
         setlocal
         cd D:\HW2\PPUViewer2021_bin
         if %errorlevel% neq 0 goto :cmEnd
         D:
         if %errorlevel% neq 0 goto :cmEnd
         "C:\Program Files\CMake\bin\cmake.exe" -E cmake_autogen D:/HW2/PPUViewer2021_bin/CMakeFiles/PPUViewer_autogen.dir/AutogenInfo.json Debug
         if %errorlevel% neq 0 goto :cmEnd
         :cmEnd
         endlocal & call :cmErrorLevel %errorlevel% & goto :cmDone
         :cmErrorLevel
         exit /b %1
         :cmDone
         if %errorlevel% neq 0 goto :VCEnd
         :VCEnd
       ClCompile:
         C:\Program Files (x86)\Microsoft Visual Studio 12.0\VC\bin\CL.exe /c /ID:\HW2\PPUViewer2021_bin /ID:\HW2\PPUViewer2021 /ID:\HW2\PPUViewer2021_bin\PPUViewer_autogen\include_Debug /ID:\Develope\Libs\Glut\include /IC:\Qt\Qt5.7.0\5.7\msvc2013\include /IC:\Qt\Qt5.7.0\5.7\msvc2013\include\QtWidgets /IC:\Qt\Qt5.7.0\5.7\msvc2013\include\QtGui /IC:\Qt\Qt5.7.0\5.7\msvc2013\include\QtCore /I"C:\Qt\Qt5.7.0\5.7\msvc2013\.\mkspecs\win32-msvc2013" /IC:\Qt\Qt5.7.0\5.7\msvc2013\include\QtOpenGL /Zi /nologo /W3 /WX- /Od /Ob0 /Oy- /D WIN32 /D _WINDOWS /D QT_WIDGETS_LIB /D QT_GUI_LIB /D QT_CORE_LIB /D QT_OPENGL_LIB /D "CMAKE_INTDIR=\"Debug\"" /D _MBCS /Gm- /EHsc /RTC1 /MDd /GS /fp:precise /Zc:wchar_t /Zc:forScope /GR /Fo"PPUViewer.dir\Debug\\" /Fd"PPUViewer.dir\Debug\vc120.pdb" /Gd /TP /analyze- /errorReport:prompt D:\HW2\PPUViewer2021\RenderWidget.cpp
         RenderWidget.cpp
       Link:
         C:\Program Files (x86)\Microsoft Visual Studio 12.0\VC\bin\link.exe /ERRORREPORT:PROMPT /OUT:"D:\HW2\PPUViewer2021_bin\Debug\PPUViewer.exe" /INCREMENTAL /NOLOGO D:\Develope\Libs\Glut\Lib\glut32.lib C:\Qt\Qt5.7.0\5.7\msvc2013\lib\Qt5OpenGLd.lib opengl32.lib glu32.lib C:\Qt\Qt5.7.0\5.7\msvc2013\lib\Qt5Widgetsd.lib C:\Qt\Qt5.7.0\5.7\msvc2013\lib\Qt5Guid.lib C:\Qt\Qt5.7.0\5.7\msvc2013\lib\Qt5Cored.lib kernel32.lib user32.lib gdi32.lib winspool.lib shell32.lib ole32.lib oleaut32.lib uuid.lib comdlg32.lib advapi32.lib /MANIFEST /MANIFESTUAC:"level='asInvoker' uiAccess='false'" /manifest:embed /DEBUG /PDB:"D:/HW2/PPUViewer2021_bin/Debug/PPUViewer.pdb" /SUBSYSTEM:CONSOLE /TLBID:1 /DYNAMICBASE /NXCOMPAT /IMPLIB:"D:/HW2/PPUViewer2021_bin/Debug/PPUViewer.lib" /MACHINE:X86 /SAFESEH  /machine:X86 PPUViewer.dir\Debug\mocs_compilation.obj
         PPUViewer.dir\Debug\main.obj
         PPUViewer.dir\Debug\PPUViewer.obj
         PPUViewer.dir\Debug\RenderWidget.obj
         PPUViewer.vcxproj -> D:\HW2\PPUViewer2021_bin\Debug\PPUViewer.exe
     1>Done Building Project "D:\HW2\PPUViewer2021_bin\PPUViewer.vcxproj" (Build target(s)).

Build succeeded.

Time Elapsed 00:00:01.81
